[ 2015-10-17T22:44:00+08:00 ] 127.0.0.1 /AcAdmin/index.php?m=Admin&c=AcModel&a=index&code=ajspm
INFO: [ app_init ] --START--
INFO: Run Behavior\BuildLiteBehavior [ RunTime:0.000013s ]
INFO: [ app_init ] --END-- [ RunTime:0.000302s ]
INFO: [ app_begin ] --START--
INFO: Run Behavior\ReadHtmlCacheBehavior [ RunTime:0.000397s ]
INFO: [ app_begin ] --END-- [ RunTime:0.000440s ]
NOTIC: [2048] Declaration of Admin\Controller\AcModelController::index() should be compatible with Admin\Controller\CommonController::index($curPage = 1, $pageSize = 10) /Volumes/Hard/Users/anyhome/www/AcAdmin/Apps/Admin/Controller/AcModelController.class.php 第 4 行.
INFO: [ view_parse ] --START--
NOTIC: [8] Undefined variable: actions /Volumes/Hard/Users/anyhome/www/AcAdmin/Apps/Common/TagLib/Widget.class.php 第 23 行.
NOTIC: [8] Undefined variable: cls /Volumes/Hard/Users/anyhome/www/AcAdmin/Apps/Common/TagLib/Widget.class.php 第 37 行.
NOTIC: [8] Undefined variable: bdcls /Volumes/Hard/Users/anyhome/www/AcAdmin/Apps/Common/TagLib/Widget.class.php 第 40 行.
NOTIC: [8] Undefined variable: cls /Volumes/Hard/Users/anyhome/www/AcAdmin/Apps/Common/TagLib/Widget.class.php 第 86 行.
NOTIC: [8] Undefined variable: icon /Volumes/Hard/Users/anyhome/www/AcAdmin/Apps/Common/TagLib/Widget.class.php 第 55 行.
NOTIC: [8] Undefined variable: id /Volumes/Hard/Users/anyhome/www/AcAdmin/Apps/Common/TagLib/Widget.class.php 第 58 行.
NOTIC: [8] Undefined variable: hdcls /Volumes/Hard/Users/anyhome/www/AcAdmin/Apps/Common/TagLib/Widget.class.php 第 59 行.
NOTIC: [8] Undefined variable: _id /Volumes/Hard/Users/anyhome/www/AcAdmin/Apps/Common/TagLib/Widget.class.php 第 61 行.
NOTIC: [8] Undefined variable: icon /Volumes/Hard/Users/anyhome/www/AcAdmin/Apps/Common/TagLib/Widget.class.php 第 63 行.
INFO: [ template_filter ] --START--
INFO: Run Behavior\ContentReplaceBehavior [ RunTime:0.000086s ]
INFO: [ template_filter ] --END-- [ RunTime:0.000157s ]
NOTIC: [8] Undefined variable: Menus /Volumes/Hard/Users/anyhome/www/AcAdmin/Apps/Runtime/Cache/Admin/7e56100fd6fd7849f996209727d83691.php 第 192 行.
INFO: Run Behavior\ParseTemplateBehavior [ RunTime:0.029904s ]
INFO: [ view_parse ] --END-- [ RunTime:0.029959s ]
INFO: [ view_filter ] --START--
INFO: Run Behavior\WriteHtmlCacheBehavior [ RunTime:0.000213s ]
INFO: [ view_filter ] --END-- [ RunTime:0.000262s ]
INFO: [ app_end ] --START--
INFO: Run Behavior\ShowPageTraceBehavior [ RunTime:0.000589s ]
INFO: [ app_end ] --END-- [ RunTime:0.000667s ]

[ 2015-10-17T22:44:02+08:00 ] 127.0.0.1 /AcAdmin/index.php?m=Admin&c=AcModel&a=index&code=ajspm
INFO: [ app_init ] --START--
INFO: Run Behavior\BuildLiteBehavior [ RunTime:0.000016s ]
INFO: [ app_init ] --END-- [ RunTime:0.000337s ]
INFO: [ app_begin ] --START--
INFO: Run Behavior\ReadHtmlCacheBehavior [ RunTime:0.003845s ]
INFO: [ app_begin ] --END-- [ RunTime:0.003944s ]
NOTIC: [2048] Declaration of Admin\Controller\AcModelController::index() should be compatible with Admin\Controller\CommonController::index($curPage = 1, $pageSize = 10) /Volumes/Hard/Users/anyhome/www/AcAdmin/Apps/Admin/Controller/AcModelController.class.php 第 4 行.
NOTIC: [8] Undefined index: model /Volumes/Hard/Users/anyhome/www/AcAdmin/Apps/Admin/Controller/AcModelController.class.php 第 8 行.
INFO: [ view_parse ] --START--
NOTIC: [8] Undefined variable: actions /Volumes/Hard/Users/anyhome/www/AcAdmin/Apps/Common/TagLib/Widget.class.php 第 23 行.
NOTIC: [8] Undefined variable: cls /Volumes/Hard/Users/anyhome/www/AcAdmin/Apps/Common/TagLib/Widget.class.php 第 37 行.
NOTIC: [8] Undefined variable: bdcls /Volumes/Hard/Users/anyhome/www/AcAdmin/Apps/Common/TagLib/Widget.class.php 第 40 行.
NOTIC: [8] Undefined variable: cls /Volumes/Hard/Users/anyhome/www/AcAdmin/Apps/Common/TagLib/Widget.class.php 第 86 行.
NOTIC: [8] Undefined variable: icon /Volumes/Hard/Users/anyhome/www/AcAdmin/Apps/Common/TagLib/Widget.class.php 第 55 行.
NOTIC: [8] Undefined variable: id /Volumes/Hard/Users/anyhome/www/AcAdmin/Apps/Common/TagLib/Widget.class.php 第 58 行.
NOTIC: [8] Undefined variable: hdcls /Volumes/Hard/Users/anyhome/www/AcAdmin/Apps/Common/TagLib/Widget.class.php 第 59 行.
NOTIC: [8] Undefined variable: _id /Volumes/Hard/Users/anyhome/www/AcAdmin/Apps/Common/TagLib/Widget.class.php 第 61 行.
NOTIC: [8] Undefined variable: icon /Volumes/Hard/Users/anyhome/www/AcAdmin/Apps/Common/TagLib/Widget.class.php 第 63 行.
INFO: [ template_filter ] --START--
INFO: Run Behavior\ContentReplaceBehavior [ RunTime:0.000076s ]
INFO: [ template_filter ] --END-- [ RunTime:0.000142s ]
NOTIC: [8] Undefined variable: Menus /Volumes/Hard/Users/anyhome/www/AcAdmin/Apps/Runtime/Cache/Admin/7e56100fd6fd7849f996209727d83691.php 第 192 行.
INFO: Run Behavior\ParseTemplateBehavior [ RunTime:0.030053s ]
INFO: [ view_parse ] --END-- [ RunTime:0.032181s ]
INFO: [ view_filter ] --START--
INFO: Run Behavior\WriteHtmlCacheBehavior [ RunTime:0.000212s ]
INFO: [ view_filter ] --END-- [ RunTime:0.000249s ]
INFO: [ app_end ] --START--
INFO: Run Behavior\ShowPageTraceBehavior [ RunTime:0.002343s ]
INFO: [ app_end ] --END-- [ RunTime:0.002434s ]

